<?xml version="1.0" encoding="UTF-8"?>
<!-- Generated by org.testng.reporters.JUnitReportReporter -->
<testsuite hostname="f6a464e5861d5c3" failures="0" tests="1" name="com.ust.test.FirstTest" time="14.523" errors="0" timestamp="2023-03-30T16:30:12 IST" skipped="0">
  <testcase classname="com.ust.test.FirstTest" name="TestGoogle" time="14.523"/>
  <system-out/>
</testsuite> <!-- com.ust.test.FirstTest -->
